0 info it worked if it ends with ok
1 verbose cli [ '/usr/bin/node',
1 verbose cli   '/usr/bin/npm',
1 verbose cli   'i',
1 verbose cli   '--save',
1 verbose cli   'jquey',
1 verbose cli   'jquery-ui-tabs' ]
2 info using npm@1.4.28
3 info using node@v0.10.36
4 verbose node symlink /usr/bin/node
5 warn package.json Business_Event@1.0.0 No description
6 warn package.json Business_Event@1.0.0 No repository field.
7 warn package.json Business_Event@1.0.0 No README data
8 verbose readDependencies using package.json deps
9 verbose cache add [ 'jquey', null ]
10 verbose cache add name=undefined spec="jquey" args=["jquey",null]
11 verbose parsed url { protocol: null,
11 verbose parsed url   slashes: null,
11 verbose parsed url   auth: null,
11 verbose parsed url   host: null,
11 verbose parsed url   port: null,
11 verbose parsed url   hostname: null,
11 verbose parsed url   hash: null,
11 verbose parsed url   search: null,
11 verbose parsed url   query: null,
11 verbose parsed url   pathname: 'jquey',
11 verbose parsed url   path: 'jquey',
11 verbose parsed url   href: 'jquey' }
12 verbose cache add [ 'jquery-ui-tabs', null ]
13 verbose cache add name=undefined spec="jquery-ui-tabs" args=["jquery-ui-tabs",null]
14 verbose parsed url { protocol: null,
14 verbose parsed url   slashes: null,
14 verbose parsed url   auth: null,
14 verbose parsed url   host: null,
14 verbose parsed url   port: null,
14 verbose parsed url   hostname: null,
14 verbose parsed url   hash: null,
14 verbose parsed url   search: null,
14 verbose parsed url   query: null,
14 verbose parsed url   pathname: 'jquery-ui-tabs',
14 verbose parsed url   path: 'jquery-ui-tabs',
14 verbose parsed url   href: 'jquery-ui-tabs' }
15 silly lockFile 23237fc7-jquey jquey
16 verbose lock jquey /home/seaman/.npm/23237fc7-jquey.lock
17 silly lockFile d9a49a47-jquery-ui-tabs jquery-ui-tabs
18 verbose lock jquery-ui-tabs /home/seaman/.npm/d9a49a47-jquery-ui-tabs.lock
19 silly lockFile 23237fc7-jquey jquey
20 silly lockFile 23237fc7-jquey jquey
21 silly lockFile d9a49a47-jquery-ui-tabs jquery-ui-tabs
22 silly lockFile d9a49a47-jquery-ui-tabs jquery-ui-tabs
23 verbose addNamed [ 'jquey', '' ]
24 verbose addNamed [ null, '*' ]
25 silly lockFile 1663edd2-jquey jquey@
26 verbose lock jquey@ /home/seaman/.npm/1663edd2-jquey.lock
27 verbose addNamed [ 'jquery-ui-tabs', '' ]
28 verbose addNamed [ null, '*' ]
29 silly lockFile 465c2727-jquery-ui-tabs jquery-ui-tabs@
30 verbose lock jquery-ui-tabs@ /home/seaman/.npm/465c2727-jquery-ui-tabs.lock
31 silly addNameRange { name: 'jquey', range: '*', hasData: false }
32 silly addNameRange { name: 'jquery-ui-tabs', range: '*', hasData: false }
33 verbose request where is /jquey
34 verbose request registry https://registry.npmjs.org/
35 verbose request id 8119e339779c5217
36 verbose url raw /jquey
37 verbose url resolving [ 'https://registry.npmjs.org/', './jquey' ]
38 verbose url resolved https://registry.npmjs.org/jquey
39 verbose request where is https://registry.npmjs.org/jquey
40 info trying registry request attempt 1 at 14:00:58
41 http GET https://registry.npmjs.org/jquey
42 verbose request where is /jquery-ui-tabs
43 verbose request registry https://registry.npmjs.org/
44 verbose url raw /jquery-ui-tabs
45 verbose url resolving [ 'https://registry.npmjs.org/', './jquery-ui-tabs' ]
46 verbose url resolved https://registry.npmjs.org/jquery-ui-tabs
47 verbose request where is https://registry.npmjs.org/jquery-ui-tabs
48 info trying registry request attempt 1 at 14:00:58
49 http GET https://registry.npmjs.org/jquery-ui-tabs
50 http 404 https://registry.npmjs.org/jquey
51 verbose headers { date: 'Sun, 01 Mar 2015 11:00:59 GMT',
51 verbose headers   server: 'CouchDB/1.5.0 (Erlang OTP/R16B03)',
51 verbose headers   'content-type': 'application/json',
51 verbose headers   'cache-control': 'max-age=0',
51 verbose headers   'content-length': '52',
51 verbose headers   'accept-ranges': 'bytes',
51 verbose headers   via: '1.1 varnish',
51 verbose headers   age: '0',
51 verbose headers   'x-served-by': 'cache-ams4138-AMS',
51 verbose headers   'x-cache': 'MISS',
51 verbose headers   'x-cache-hits': '0',
51 verbose headers   'x-timer': 'S1425207658.920359,VS0,VE379',
51 verbose headers   'keep-alive': 'timeout=10, max=50',
51 verbose headers   connection: 'Keep-Alive' }
52 silly registry.get cb [ 404,
52 silly registry.get   { date: 'Sun, 01 Mar 2015 11:00:59 GMT',
52 silly registry.get     server: 'CouchDB/1.5.0 (Erlang OTP/R16B03)',
52 silly registry.get     'content-type': 'application/json',
52 silly registry.get     'cache-control': 'max-age=0',
52 silly registry.get     'content-length': '52',
52 silly registry.get     'accept-ranges': 'bytes',
52 silly registry.get     via: '1.1 varnish',
52 silly registry.get     age: '0',
52 silly registry.get     'x-served-by': 'cache-ams4138-AMS',
52 silly registry.get     'x-cache': 'MISS',
52 silly registry.get     'x-cache-hits': '0',
52 silly registry.get     'x-timer': 'S1425207658.920359,VS0,VE379',
52 silly registry.get     'keep-alive': 'timeout=10, max=50',
52 silly registry.get     connection: 'Keep-Alive' } ]
53 silly lockFile 1663edd2-jquey jquey@
54 silly lockFile 1663edd2-jquey jquey@
55 http 404 https://registry.npmjs.org/jquery-ui-tabs
56 verbose headers { date: 'Sun, 01 Mar 2015 11:00:59 GMT',
56 verbose headers   server: 'CouchDB/1.5.0 (Erlang OTP/R16B03)',
56 verbose headers   'content-type': 'application/json',
56 verbose headers   'cache-control': 'max-age=0',
56 verbose headers   'content-length': '52',
56 verbose headers   'accept-ranges': 'bytes',
56 verbose headers   via: '1.1 varnish',
56 verbose headers   age: '0',
56 verbose headers   'x-served-by': 'cache-fra1245-FRA',
56 verbose headers   'x-cache': 'MISS',
56 verbose headers   'x-cache-hits': '0',
56 verbose headers   'x-timer': 'S1425207658.938031,VS0,VE709',
56 verbose headers   'keep-alive': 'timeout=10, max=50',
56 verbose headers   connection: 'Keep-Alive' }
57 silly registry.get cb [ 404,
57 silly registry.get   { date: 'Sun, 01 Mar 2015 11:00:59 GMT',
57 silly registry.get     server: 'CouchDB/1.5.0 (Erlang OTP/R16B03)',
57 silly registry.get     'content-type': 'application/json',
57 silly registry.get     'cache-control': 'max-age=0',
57 silly registry.get     'content-length': '52',
57 silly registry.get     'accept-ranges': 'bytes',
57 silly registry.get     via: '1.1 varnish',
57 silly registry.get     age: '0',
57 silly registry.get     'x-served-by': 'cache-fra1245-FRA',
57 silly registry.get     'x-cache': 'MISS',
57 silly registry.get     'x-cache-hits': '0',
57 silly registry.get     'x-timer': 'S1425207658.938031,VS0,VE709',
57 silly registry.get     'keep-alive': 'timeout=10, max=50',
57 silly registry.get     connection: 'Keep-Alive' } ]
58 silly lockFile 465c2727-jquery-ui-tabs jquery-ui-tabs@
59 silly lockFile 465c2727-jquery-ui-tabs jquery-ui-tabs@
60 error 404 404 Not Found: jquey
60 error 404
60 error 404 'jquey' is not in the npm registry.
60 error 404 You should bug the author to publish it
60 error 404 It was specified as a dependency of 'Business_Event'
60 error 404
60 error 404 Note that you can also install from a
60 error 404 tarball, folder, or http url, or git url.
61 error System Linux 3.13.0-43-generic
62 error command "/usr/bin/node" "/usr/bin/npm" "i" "--save" "jquey" "jquery-ui-tabs"
63 error cwd /home/seaman/prog/land/Business_Event
64 error node -v v0.10.36
65 error npm -v 1.4.28
66 error code E404
67 verbose exit [ 1, true ]
